Opened all files
csv now initialized
Start time: 2020-09-21 15:24:54.463145
Running: netinfo.py
 - My PC, debug option
   - Istructions: Win32_NetworkClient && Win32_NetworkProtocol
End time: 2020-09-21 15:24:54.962585
Total time: 0:00:00.499440

Opened all files
csv now initialized
Start time: 2020-09-21 15:25:25.797849
Running: netinfo.py
 - My PC, debug option
   - Istructions: Win32_NetworkClient && Win32_NetworkProtocol
End time: 2020-09-21 15:25:26.109197
Total time: 0:00:00.311348

Opened all files
csv now initialized
Start time: 2020-09-21 15:26:04.410042
Running: netinfo.py
 - My PC, debug option
   - Istructions: Win32_NetworkClient && Win32_NetworkProtocol
End time: 2020-09-21 15:26:04.636602
Total time: 0:00:00.226560

Opened all files and database connected
csv now initialized
Start time: 2020-09-21 15:34:30.267220
Running: netinfo.py
 - My PC, debug option
   - Istructions: Win32_NetworkClient && Win32_NetworkProtocol
End time: 2020-09-21 15:34:30.682439
Total time: 0:00:00.415219

Opened all files and database connected
csv now initialized
database now initialized
Start time: 2020-09-21 15:41:10.010604
Running: netinfo.py
 - My PC, debug option
   - Istructions: Win32_NetworkClient && Win32_NetworkProtocol
End time: 2020-09-21 15:41:10.365224
Total time: 0:00:00.354620

Opened all files and database connected
csv now initialized
database now initialized
Start time: 2020-09-21 15:51:25.161488
Running: netinfo.py
 - My PC, debug option
   - Istructions: Win32_NetworkClient && Win32_NetworkProtocol
End time: 2020-09-21 15:51:25.761660
Total time: 0:00:00.600172

Opened all files and database connected
csv now initialized
database now initialized
Start time: 2020-09-21 15:54:19.558287
Running: netinfo.py
 - My PC, debug option
   - Istructions: Win32_NetworkClient && Win32_NetworkProtocol
End time: 2020-09-21 15:54:19.803761
Total time: 0:00:00.245474

Opened all files and database connected
csv now initialized
database now initialized
Start time: 2020-09-21 15:59:10.946843
Running: netinfo.py
 - My PC, debug option
   - Istructions: Win32_NetworkClient && Win32_NetworkProtocol
End time: 2020-09-21 15:59:11.271010
Total time: 0:00:00.324167

Opened all files and database connected
csv now initialized
database now initialized
Start time: 2020-09-21 16:00:44.884199
Running: netinfo.py
 - My PC, debug option
   - Istructions: Win32_NetworkClient && Win32_NetworkProtocol
End time: 2020-09-21 16:00:45.185202
Total time: 0:00:00.301003

Opened all files and database connected
csv now initialized
database now initialized
Start time: 2020-09-21 16:01:01.170665
Running: netinfo.py
 - My PC, debug option
   - Istructions: Win32_NetworkClient && Win32_NetworkProtocol
End time: 2020-09-21 16:01:01.327069
Total time: 0:00:00.156404

Opened all files and database connected
csv now initialized
database now initialized
Start time: 2020-09-21 16:01:23.975399
Running: netinfo.py
 - My PC, debug option
   - Istructions: Win32_NetworkClient && Win32_NetworkProtocol
End time: 2020-09-21 16:01:24.140008
Total time: 0:00:00.164609

Opened all files and database connected
csv now initialized
Start time: 2020-09-21 16:03:13.545810
Running: netinfo.py
 - My PC, debug option
   - Istructions: Win32_NetworkClient && Win32_NetworkProtocol
End time: 2020-09-21 16:03:13.866802
Total time: 0:00:00.320992

Opened all files and database connected
csv now initialized
Start time: 2020-09-21 16:08:11.086450
Running: netinfo.py
 - My PC, debug option
   - Istructions: Win32_NetworkClient && Win32_NetworkProtocol
End time: 2020-09-21 16:08:11.400448
Total time: 0:00:00.313998

